C:\MyProjects\angular4grid\Angular2MVC\app\app.component.js
C:\MyProjects\angular4grid\Angular2MVC\app\app.component.js.map
C:\MyProjects\angular4grid\Angular2MVC\app\Service\user.service.js
C:\MyProjects\angular4grid\Angular2MVC\app\Service\user.service.js.map
C:\MyProjects\angular4grid\Angular2MVC\app\Model\user.js
C:\MyProjects\angular4grid\Angular2MVC\app\Model\user.js.map
C:\MyProjects\angular4grid\Angular2MVC\app\Shared\enum.js
C:\MyProjects\angular4grid\Angular2MVC\app\Shared\enum.js.map
C:\MyProjects\angular4grid\Angular2MVC\app\Shared\global.js
C:\MyProjects\angular4grid\Angular2MVC\app\Shared\global.js.map
C:\MyProjects\angular4grid\Angular2MVC\app\components\manageuser.component.js
C:\MyProjects\angular4grid\Angular2MVC\app\components\manageuser.component.js.map
C:\MyProjects\angular4grid\Angular2MVC\app\filter\user.pipe.js
C:\MyProjects\angular4grid\Angular2MVC\app\filter\user.pipe.js.map
C:\MyProjects\angular4grid\Angular2MVC\app\components\user.component.js
C:\MyProjects\angular4grid\Angular2MVC\app\components\user.component.js.map
C:\MyProjects\angular4grid\Angular2MVC\app\components\home.component.js
C:\MyProjects\angular4grid\Angular2MVC\app\components\home.component.js.map
C:\MyProjects\angular4grid\Angular2MVC\app\app.routing.js
C:\MyProjects\angular4grid\Angular2MVC\app\app.routing.js.map
C:\MyProjects\angular4grid\Angular2MVC\app\Shared\search.component.js
C:\MyProjects\angular4grid\Angular2MVC\app\Shared\search.component.js.map
C:\MyProjects\angular4grid\Angular2MVC\app\Shared\errorhandler.js
C:\MyProjects\angular4grid\Angular2MVC\app\Shared\errorhandler.js.map
C:\MyProjects\angular4grid\Angular2MVC\app\Shared\datagrid\datagrid.util.js
C:\MyProjects\angular4grid\Angular2MVC\app\Shared\datagrid\datagrid.util.js.map
C:\MyProjects\angular4grid\Angular2MVC\app\Shared\datagrid\format.js
C:\MyProjects\angular4grid\Angular2MVC\app\Shared\datagrid\format.js.map
C:\MyProjects\angular4grid\Angular2MVC\app\Shared\datagrid\datagrid.component.js
C:\MyProjects\angular4grid\Angular2MVC\app\Shared\datagrid\datagrid.component.js.map
C:\MyProjects\angular4grid\Angular2MVC\app\Shared\datagrid\orderby.js
C:\MyProjects\angular4grid\Angular2MVC\app\Shared\datagrid\orderby.js.map
C:\MyProjects\angular4grid\Angular2MVC\app\app.module.js
C:\MyProjects\angular4grid\Angular2MVC\app\app.module.js.map
C:\MyProjects\angular4grid\Angular2MVC\app\main.js
C:\MyProjects\angular4grid\Angular2MVC\app\main.js.map
